[2026-04-18 20:22:09] [INFO] Banco de dados conectado.
[2026-04-18 20:22:09] [INFO] Módulo carregado: cogs.admin.embed_builder
[2026-04-18 20:22:10] [INFO] Módulo carregado: cogs.admin.admin
[2026-04-18 20:22:10] [INFO] Módulo carregado: cogs.utility.geral
[2026-04-18 20:22:10] [INFO] Módulo carregado: cogs.utility.info
[2026-04-18 20:22:10] [INFO] Módulo carregado: cogs.system.logs
[2026-04-18 20:22:10] [INFO] Módulo carregado: cogs.system.events
[2026-04-18 20:22:12] [INFO] --- SISTEMA REMNANT INICIALIZADO ---
[2026-04-18 20:22:12] [INFO] Usuário: Remnant#5677
[2026-04-18 20:22:12] [INFO] Status: Monitoramento ativo
[2026-04-18 20:24:14] [INFO] Banco de dados encerrado.
[2026-04-18 20:24:16] [INFO] Remnant encerrado.
[2026-04-19 00:38:57] [INFO] Banco de dados conectado.
[2026-04-19 00:38:57] [INFO] Módulo carregado: cogs.admin.embed_builder
[2026-04-19 00:38:57] [INFO] Módulo carregado: cogs.admin.admin
[2026-04-19 00:38:57] [INFO] Módulo carregado: cogs.utility.geral
[2026-04-19 00:38:57] [INFO] Módulo carregado: cogs.utility.info
[2026-04-19 00:38:57] [INFO] Módulo carregado: cogs.system.logs
[2026-04-19 00:38:57] [INFO] Módulo carregado: cogs.system.events
[2026-04-19 00:39:00] [INFO] --- SISTEMA REMNANT INICIALIZADO ---
[2026-04-19 00:39:00] [INFO] Usuário: Remnant#5677
[2026-04-19 00:39:00] [INFO] Status: Monitoramento ativo
[2026-04-19 11:20:29] [INFO] Remnant reconectado com sucesso.
[2026-04-19 11:38:44] [INFO] Remnant reconectado com sucesso.
[2026-04-19 16:19:15] [INFO] Banco de dados conectado.
[2026-04-19 16:19:15] [INFO] Módulo carregado: cogs.admin.embed_builder
[2026-04-19 16:19:15] [INFO] Módulo carregado: cogs.admin.admin
[2026-04-19 16:19:15] [INFO] Módulo carregado: cogs.utility.geral
[2026-04-19 16:19:15] [INFO] Módulo carregado: cogs.utility.info
[2026-04-19 16:19:15] [INFO] Módulo carregado: cogs.system.logs
[2026-04-19 16:19:15] [INFO] Módulo carregado: cogs.system.archive
[2026-04-19 16:19:15] [INFO] Módulo carregado: cogs.system.events
[2026-04-19 16:19:18] [INFO] --- SISTEMA REMNANT INICIALIZADO ---
[2026-04-19 16:19:18] [INFO] Usuário: Remnant#5677
[2026-04-19 16:19:18] [INFO] Status: Monitoramento ativo
[2026-04-19 16:21:37] [INFO] Banco de dados encerrado.
[2026-04-19 16:21:37] [INFO] Remnant encerrado.
[2026-04-19 16:21:58] [INFO] Banco de dados conectado.
[2026-04-19 16:21:58] [INFO] Módulo carregado: cogs.admin.embed_builder
[2026-04-19 16:21:58] [INFO] Módulo carregado: cogs.admin.admin
[2026-04-19 16:21:58] [INFO] Módulo carregado: cogs.utility.geral
[2026-04-19 16:21:58] [INFO] Módulo carregado: cogs.utility.info
[2026-04-19 16:21:58] [INFO] Módulo carregado: cogs.system.logs
[2026-04-19 16:21:58] [INFO] Módulo carregado: cogs.system.archive
[2026-04-19 16:21:58] [INFO] Módulo carregado: cogs.system.events
[2026-04-19 16:22:01] [INFO] --- SISTEMA REMNANT INICIALIZADO ---
[2026-04-19 16:22:01] [INFO] Usuário: Remnant#5677
[2026-04-19 16:22:01] [INFO] Status: Monitoramento ativo
[2026-04-19 16:25:18] [INFO] Banco de dados encerrado.
[2026-04-19 16:25:18] [INFO] Remnant encerrado.
[2026-04-19 16:25:24] [INFO] Banco de dados conectado.
[2026-04-19 16:25:24] [INFO] Módulo carregado: cogs.admin.embed_builder
[2026-04-19 16:25:24] [INFO] Módulo carregado: cogs.admin.admin
[2026-04-19 16:25:24] [INFO] Módulo carregado: cogs.utility.geral
[2026-04-19 16:25:24] [INFO] Módulo carregado: cogs.utility.info
[2026-04-19 16:25:24] [INFO] Módulo carregado: cogs.system.logs
[2026-04-19 16:25:24] [INFO] Módulo carregado: cogs.system.archive
[2026-04-19 16:25:24] [INFO] Módulo carregado: cogs.system.events
[2026-04-19 16:25:26] [INFO] --- SISTEMA REMNANT INICIALIZADO ---
[2026-04-19 16:25:26] [INFO] Usuário: Remnant#5677
[2026-04-19 16:25:26] [INFO] Status: Monitoramento ativo
[2026-04-19 16:39:35] [INFO] Banco de dados conectado.
[2026-04-19 16:39:35] [INFO] Módulo carregado: cogs.admin.embed_builder
[2026-04-19 16:39:35] [INFO] Módulo carregado: cogs.admin.admin
[2026-04-19 16:39:35] [INFO] Módulo carregado: cogs.utility.geral
[2026-04-19 16:39:35] [INFO] Módulo carregado: cogs.utility.info
[2026-04-19 16:39:35] [INFO] Módulo carregado: cogs.system.logs
[2026-04-19 16:39:35] [INFO] Módulo carregado: cogs.system.archive
[2026-04-19 16:39:35] [INFO] Módulo carregado: cogs.system.events
[2026-04-19 16:39:38] [INFO] --- SISTEMA REMNANT INICIALIZADO ---
[2026-04-19 16:39:38] [INFO] Usuário: Remnant#5677
[2026-04-19 16:39:38] [INFO] Status: Monitoramento ativo
[2026-04-19 16:47:32] [INFO] Banco de dados encerrado.
[2026-04-19 16:47:32] [INFO] Remnant encerrado.
[2026-04-19 16:47:39] [INFO] Banco de dados conectado.
[2026-04-19 16:47:39] [INFO] Módulo carregado: cogs.admin.embed_builder
[2026-04-19 16:47:39] [INFO] Módulo carregado: cogs.admin.admin
[2026-04-19 16:47:39] [INFO] Módulo carregado: cogs.utility.geral
[2026-04-19 16:47:40] [INFO] Módulo carregado: cogs.utility.info
[2026-04-19 16:47:40] [INFO] Módulo carregado: cogs.system.logs
[2026-04-19 16:47:40] [INFO] Módulo carregado: cogs.system.archive
[2026-04-19 16:47:40] [INFO] Módulo carregado: cogs.system.events
[2026-04-19 16:47:42] [INFO] --- SISTEMA REMNANT INICIALIZADO ---
[2026-04-19 16:47:42] [INFO] Usuário: Remnant#5677
[2026-04-19 16:47:42] [INFO] Status: Monitoramento ativo
[2026-04-19 16:52:43] [INFO] Banco de dados encerrado.
[2026-04-19 16:52:43] [INFO] Remnant encerrado.
[2026-04-19 16:52:50] [INFO] Banco de dados conectado.
[2026-04-19 16:52:50] [INFO] Módulo carregado: cogs.admin.embed_builder
[2026-04-19 16:52:50] [INFO] Módulo carregado: cogs.admin.admin
[2026-04-19 16:52:50] [INFO] Módulo carregado: cogs.utility.geral
[2026-04-19 16:52:50] [INFO] Módulo carregado: cogs.utility.info
[2026-04-19 16:52:50] [INFO] Módulo carregado: cogs.system.logs
[2026-04-19 16:52:50] [INFO] Módulo carregado: cogs.system.archive
[2026-04-19 16:52:50] [INFO] Módulo carregado: cogs.system.events
[2026-04-19 16:52:56] [INFO] --- SISTEMA REMNANT INICIALIZADO ---
[2026-04-19 16:52:56] [INFO] Usuário: Remnant#5677
[2026-04-19 16:52:56] [INFO] Status: Monitoramento ativo
[2026-04-19 16:56:47] [INFO] Banco de dados encerrado.
[2026-04-19 16:56:47] [INFO] Remnant encerrado.
[2026-04-19 16:56:51] [INFO] Banco de dados conectado.
[2026-04-19 16:56:51] [INFO] Módulo carregado: cogs.admin.embed_builder
[2026-04-19 16:56:51] [INFO] Módulo carregado: cogs.admin.admin
[2026-04-19 16:56:51] [INFO] Módulo carregado: cogs.utility.geral
[2026-04-19 16:56:51] [INFO] Módulo carregado: cogs.utility.info
[2026-04-19 16:56:51] [INFO] Módulo carregado: cogs.system.logs
[2026-04-19 16:56:51] [INFO] Módulo carregado: cogs.system.archive
[2026-04-19 16:56:51] [INFO] Módulo carregado: cogs.system.events
[2026-04-19 16:56:54] [INFO] --- SISTEMA REMNANT INICIALIZADO ---
[2026-04-19 16:56:54] [INFO] Usuário: Remnant#5677
[2026-04-19 16:56:54] [INFO] Status: Monitoramento ativo
[2026-04-19 16:57:13] [DEBUG] [TRACE] on_command: help
[2026-04-19 16:57:13] [DEBUG]   → events.py:24 em on_command
[2026-04-19 16:57:13] [DEBUG]   → client.py:508 em _run_event
[2026-04-19 16:57:13] [DEBUG]   → events.py:88 em _run
[2026-04-19 16:59:45] [INFO] Banco de dados encerrado.
[2026-04-19 16:59:45] [INFO] Remnant encerrado.
[2026-04-19 16:59:53] [INFO] Banco de dados conectado.
[2026-04-19 16:59:53] [INFO] Módulo carregado: cogs.admin.embed_builder
[2026-04-19 16:59:53] [INFO] Módulo carregado: cogs.admin.admin
[2026-04-19 16:59:53] [INFO] Módulo carregado: cogs.utility.info
[2026-04-19 16:59:53] [INFO] Módulo carregado: cogs.system.logs
[2026-04-19 16:59:53] [INFO] Módulo carregado: cogs.system.archive
[2026-04-19 16:59:53] [INFO] Módulo carregado: cogs.system.events
[2026-04-19 16:59:56] [INFO] --- SISTEMA REMNANT INICIALIZADO ---
[2026-04-19 16:59:56] [INFO] Usuário: Remnant#5677
[2026-04-19 16:59:56] [INFO] Status: Monitoramento ativo
[2026-04-19 17:01:39] [INFO] Banco de dados encerrado.
[2026-04-19 17:01:39] [INFO] Remnant encerrado.
[2026-04-19 17:01:45] [INFO] Banco de dados conectado.
[2026-04-19 17:01:45] [INFO] Módulo carregado: cogs.admin.embed_builder
[2026-04-19 17:01:45] [INFO] Módulo carregado: cogs.admin.admin
[2026-04-19 17:01:45] [INFO] Módulo carregado: cogs.utility.info
[2026-04-19 17:01:45] [INFO] Módulo carregado: cogs.system.logs
[2026-04-19 17:01:45] [INFO] Módulo carregado: cogs.system.archive
[2026-04-19 17:01:45] [INFO] Módulo carregado: cogs.system.events
[2026-04-19 17:01:48] [INFO] --- SISTEMA REMNANT INICIALIZADO ---
[2026-04-19 17:01:48] [INFO] Usuário: Remnant#5677
[2026-04-19 17:01:48] [INFO] Status: Monitoramento ativo
[2026-04-19 17:03:49] [INFO] Banco de dados encerrado.
[2026-04-19 17:03:49] [INFO] Remnant encerrado.
[2026-04-19 17:03:55] [INFO] Banco de dados conectado.
[2026-04-19 17:03:55] [INFO] Módulo carregado: cogs.admin.embed_builder
[2026-04-19 17:03:55] [INFO] Módulo carregado: cogs.admin.admin
[2026-04-19 17:03:55] [INFO] Módulo carregado: cogs.utility.geral
[2026-04-19 17:03:55] [INFO] Módulo carregado: cogs.utility.info
[2026-04-19 17:03:55] [INFO] Módulo carregado: cogs.system.logs
[2026-04-19 17:03:55] [INFO] Módulo carregado: cogs.system.archive
[2026-04-19 17:03:55] [INFO] Módulo carregado: cogs.system.events
[2026-04-19 17:03:58] [INFO] --- SISTEMA REMNANT INICIALIZADO ---
[2026-04-19 17:03:58] [INFO] Usuário: Remnant#5677
[2026-04-19 17:03:58] [INFO] Status: Monitoramento ativo
[2026-04-19 17:04:12] [DEBUG] [TRACE] on_command: help
[2026-04-19 17:04:12] [DEBUG]   → events.py:24 em on_command
[2026-04-19 17:04:12] [DEBUG]   → client.py:508 em _run_event
[2026-04-19 17:04:12] [DEBUG]   → events.py:88 em _run
[2026-04-19 17:04:22] [DEBUG] [TRACE] on_command: help
[2026-04-19 17:04:22] [DEBUG]   → events.py:24 em on_command
[2026-04-19 17:04:22] [DEBUG]   → client.py:508 em _run_event
[2026-04-19 17:04:22] [DEBUG]   → events.py:88 em _run
[2026-04-19 17:06:14] [INFO] Banco de dados encerrado.
[2026-04-19 17:06:14] [INFO] Remnant encerrado.
[2026-04-19 17:06:19] [INFO] Banco de dados conectado.
[2026-04-19 17:06:19] [INFO] Módulo carregado: cogs.admin.embed_builder
[2026-04-19 17:06:19] [INFO] Módulo carregado: cogs.admin.admin
[2026-04-19 17:06:19] [INFO] Módulo carregado: cogs.utility.geral
[2026-04-19 17:06:19] [INFO] Módulo carregado: cogs.utility.info
[2026-04-19 17:06:19] [INFO] Módulo carregado: cogs.system.logs
[2026-04-19 17:06:19] [INFO] Módulo carregado: cogs.system.archive
[2026-04-19 17:06:19] [INFO] Módulo carregado: cogs.system.events
[2026-04-19 17:06:22] [INFO] --- SISTEMA REMNANT INICIALIZADO ---
[2026-04-19 17:06:22] [INFO] Usuário: Remnant#5677
[2026-04-19 17:06:22] [INFO] Status: Monitoramento ativo
[2026-04-19 17:06:31] [DEBUG] [TRACE] on_command: help
[2026-04-19 17:06:31] [DEBUG]   → events.py:24 em on_command
[2026-04-19 17:06:31] [DEBUG]   → client.py:508 em _run_event
[2026-04-19 17:06:31] [DEBUG]   → events.py:88 em _run
[2026-04-19 17:08:02] [INFO] Banco de dados encerrado.
[2026-04-19 17:08:02] [INFO] Remnant encerrado.
[2026-04-19 17:56:02] [INFO] Remnant reconectado com sucesso.
[2026-04-19 18:09:53] [INFO] Banco de dados encerrado.
[2026-04-19 18:09:53] [INFO] Remnant encerrado.
[2026-04-19 18:46:08] [INFO] Banco de dados conectado.
[2026-04-19 18:46:08] [INFO] Módulo carregado: cogs.admin.embed_builder
[2026-04-19 18:46:08] [INFO] Módulo carregado: cogs.admin.admin
[2026-04-19 18:46:08] [INFO] Módulo carregado: cogs.utility.geral
[2026-04-19 18:46:08] [INFO] Módulo carregado: cogs.utility.info
[2026-04-19 18:46:08] [INFO] Módulo carregado: cogs.system.logs
[2026-04-19 18:46:09] [INFO] Módulo carregado: cogs.system.archive
[2026-04-19 18:46:09] [INFO] Módulo carregado: cogs.system.events
[2026-04-19 18:46:11] [INFO] --- SISTEMA REMNANT INICIALIZADO ---
[2026-04-19 18:46:11] [INFO] Usuário: Remnant#5677
[2026-04-19 18:46:11] [INFO] Status: Monitoramento ativo
[2026-04-19 18:50:37] [INFO] Banco de dados encerrado.
[2026-04-19 18:50:37] [INFO] Remnant encerrado.
[2026-04-19 18:50:42] [INFO] Banco de dados conectado.
[2026-04-19 18:50:42] [INFO] Módulo carregado: cogs.admin.embed_builder
[2026-04-19 18:50:42] [INFO] Módulo carregado: cogs.admin.admin
[2026-04-19 18:50:42] [INFO] Módulo carregado: cogs.utility.geral
[2026-04-19 18:50:42] [INFO] Módulo carregado: cogs.utility.info
[2026-04-19 18:50:42] [INFO] Módulo carregado: cogs.system.logs
[2026-04-19 18:50:42] [INFO] Módulo carregado: cogs.system.archive
[2026-04-19 18:50:42] [INFO] Módulo carregado: cogs.system.events
[2026-04-19 18:50:45] [INFO] --- SISTEMA REMNANT INICIALIZADO ---
[2026-04-19 18:50:45] [INFO] Usuário: Remnant#5677
[2026-04-19 18:50:45] [INFO] Status: Monitoramento ativo
[2026-04-19 18:51:59] [INFO] Banco de dados encerrado.
[2026-04-19 18:52:00] [INFO] Remnant encerrado.
[2026-04-19 18:52:03] [INFO] Banco de dados conectado.
[2026-04-19 18:52:03] [INFO] Módulo carregado: cogs.admin.embed_builder
[2026-04-19 18:52:03] [INFO] Módulo carregado: cogs.admin.admin
[2026-04-19 18:52:03] [INFO] Módulo carregado: cogs.utility.geral
[2026-04-19 18:52:03] [INFO] Módulo carregado: cogs.utility.info
[2026-04-19 18:52:03] [INFO] Módulo carregado: cogs.system.logs
[2026-04-19 18:52:03] [INFO] Módulo carregado: cogs.system.archive
[2026-04-19 18:52:03] [INFO] Módulo carregado: cogs.system.events
[2026-04-19 18:52:06] [INFO] --- SISTEMA REMNANT INICIALIZADO ---
[2026-04-19 18:52:06] [INFO] Usuário: Remnant#5677
[2026-04-19 18:52:06] [INFO] Status: Monitoramento ativo
[2026-04-19 18:56:14] [INFO] Banco de dados encerrado.
[2026-04-19 18:56:14] [INFO] Remnant encerrado.
[2026-04-19 18:56:23] [INFO] Banco de dados conectado.
[2026-04-19 18:56:23] [INFO] Módulo carregado: cogs.admin.embed_builder
[2026-04-19 18:56:23] [INFO] Módulo carregado: cogs.admin.admin
[2026-04-19 18:56:23] [INFO] Módulo carregado: cogs.utility.geral
[2026-04-19 18:56:23] [INFO] Módulo carregado: cogs.utility.info
[2026-04-19 18:56:23] [INFO] Módulo carregado: cogs.system.logs
[2026-04-19 18:56:23] [INFO] Módulo carregado: cogs.system.archive
[2026-04-19 18:56:23] [INFO] Módulo carregado: cogs.system.all
[2026-04-19 18:56:23] [INFO] Módulo carregado: cogs.system.events
[2026-04-19 18:56:26] [INFO] --- SISTEMA REMNANT INICIALIZADO ---
[2026-04-19 18:56:26] [INFO] Usuário: Remnant#5677
[2026-04-19 18:56:26] [INFO] Status: Monitoramento ativo
[2026-04-19 18:56:35] [INFO] [MSG] inner_vo1d → #test_bot | conteúdo: '*help'
[2026-04-19 18:56:35] [INFO] [CMD_START] inner_vo1d → help em #test_bot
[2026-04-19 18:56:35] [INFO] [CMD_START] inner_vo1d → help em #test_bot
[2026-04-19 18:56:35] [INFO] [MSG] Remnant#5677 → #test_bot | conteúdo: '💡 Dica: Use `/help` para ver a lista visual de tod'
[2026-04-19 18:56:35] [INFO] [CMD_END] help concluído para inner_vo1d
[2026-04-19 18:56:36] [INFO] [MSG] Remnant#5677 → #test_bot | conteúdo: '💡 Dica: Use `/help` para ver a lista visual de tod'
[2026-04-19 18:56:36] [INFO] [CMD_END] help concluído para inner_vo1d
[2026-04-19 19:01:30] [INFO] Banco de dados encerrado.
[2026-04-19 19:01:30] [INFO] Remnant encerrado.
[2026-04-19 19:13:35] [INFO] Banco de dados conectado.
[2026-04-19 19:13:35] [INFO] Módulo carregado: cogs.admin.embed_builder
[2026-04-19 19:13:35] [INFO] Módulo carregado: cogs.admin.admin
[2026-04-19 19:13:35] [INFO] Módulo carregado: cogs.utility.geral
[2026-04-19 19:13:35] [INFO] Módulo carregado: cogs.utility.info
[2026-04-19 19:13:35] [INFO] Módulo carregado: cogs.system.logs
[2026-04-19 19:13:35] [INFO] Módulo carregado: cogs.system.archive
[2026-04-19 19:13:35] [INFO] Módulo carregado: cogs.system.all
[2026-04-19 19:13:35] [INFO] Módulo carregado: cogs.system.events
[2026-04-19 19:13:38] [INFO] --- SISTEMA REMNANT INICIALIZADO ---
[2026-04-19 19:13:38] [INFO] Usuário: Remnant#5677
[2026-04-19 19:13:38] [INFO] Status: Monitoramento ativo
[2026-04-19 19:14:38] [INFO] [SLASH_START] inner_vo1d → /help em #teste-geral
[2026-04-19 19:19:45] [INFO] [SLASH_START] inner_vo1d → /help em #teste-geral
[2026-04-19 19:20:02] [INFO] [GUILD_JOIN] Bot adicionado a: Teste de bots (1495544318214017024)
[2026-04-19 19:20:02] [INFO] [MSG] Remnant#5677 → #teste-geral | conteúdo: ''
[2026-04-19 19:20:08] [INFO] [MSG] inner_vo1d → #teste-geral | conteúdo: 'Aee'
[2026-04-19 19:20:13] [INFO] [MSG] tawanzzz_ → #teste-geral | conteúdo: 'Ae'
[2026-04-19 19:20:13] [INFO] [MSG] inner_vo1d → #teste-geral | conteúdo: '*help'
[2026-04-19 19:20:13] [INFO] [CMD_START] inner_vo1d → help em #teste-geral
[2026-04-19 19:20:13] [INFO] [CMD_START] inner_vo1d → help em #teste-geral
[2026-04-19 19:20:13] [INFO] [MSG] Remnant#5677 → #teste-geral | conteúdo: '💡 Dica: Use `/help` para ver a lista visual de tod'
[2026-04-19 19:20:13] [INFO] [CMD_END] help concluído para inner_vo1d
[2026-04-19 19:20:14] [INFO] [MSG] Remnant#5677 → #teste-geral | conteúdo: '💡 Dica: Use `/help` para ver a lista visual de tod'
[2026-04-19 19:20:14] [INFO] [CMD_END] help concluído para inner_vo1d
[2026-04-19 19:20:19] [INFO] [MSG] tawanzzz_ → #teste-geral | conteúdo: 'olka akakaakka'
[2026-04-19 19:20:22] [INFO] [MSG] tawanzzz_ → #teste-geral | conteúdo: 'o'
[2026-04-19 19:20:29] [INFO] [MSG] inner_vo1d → #teste-geral | conteúdo: '*scan <@1400937459168317492>'
[2026-04-19 19:20:29] [INFO] [CMD_START] inner_vo1d → scan em #teste-geral
[2026-04-19 19:20:29] [INFO] [CMD_START] inner_vo1d → scan em #teste-geral
[2026-04-19 19:20:29] [INFO] [MSG] Remnant#5677 → #teste-geral | conteúdo: ''
[2026-04-19 19:20:29] [INFO] [CMD_END] scan concluído para inner_vo1d
[2026-04-19 19:20:29] [INFO] [MSG] Remnant#5677 → #teste-geral | conteúdo: ''
[2026-04-19 19:20:29] [INFO] [CMD_END] scan concluído para inner_vo1d
[2026-04-19 19:20:43] [INFO] [MSG] tawanzzz_ → #teste-geral | conteúdo: 'Status real é oq?'
[2026-04-19 19:20:59] [INFO] [MSG] tawanzzz_ → #teste-geral | conteúdo: 'olha'
[2026-04-19 19:21:00] [INFO] [MSG] inner_vo1d → #teste-geral | conteúdo: 'Era pra aparecer online, off, etc'
[2026-04-19 19:21:10] [INFO] [MSG] tawanzzz_ → #teste-geral | conteúdo: 'AAAAAA'
[2026-04-19 19:21:12] [INFO] [MSG] tawanzzz_ → #teste-geral | conteúdo: 'top'
[2026-04-19 19:21:13] [INFO] [MSG] tawanzzz_ → #teste-geral | conteúdo: 'O'
[2026-04-19 19:21:19] [INFO] [MSG] inner_vo1d → #teste-geral | conteúdo: 'Mas eu acho que não coloquei para esse status'
[2026-04-19 19:21:19] [INFO] [MSG] tawanzzz_ → #teste-geral | conteúdo: 'Esse q vc me enviou'
[2026-04-19 19:21:41] [INFO] [MSG] tawanzzz_ → #teste-geral | conteúdo: '*Scan <@1400937459168317492>'
[2026-04-19 19:21:41] [INFO] [CMD_ERROR] None → CommandNotFound: Command "Scan" is not found
[2026-04-19 19:21:41] [INFO] [CMD_ERROR] None → CommandNotFound: Command "Scan" is not found
[2026-04-19 19:21:46] [INFO] [MSG] tawanzzz_ → #teste-geral | conteúdo: '*scan <@1400937459168317492>'
[2026-04-19 19:21:46] [INFO] [CMD_START] tawanzzz_ → scan em #teste-geral
[2026-04-19 19:21:46] [INFO] [CMD_START] tawanzzz_ → scan em #teste-geral
[2026-04-19 19:21:46] [INFO] [MSG] Remnant#5677 → #teste-geral | conteúdo: ''
[2026-04-19 19:21:46] [INFO] [MSG] Remnant#5677 → #teste-geral | conteúdo: ''
[2026-04-19 19:21:47] [INFO] [CMD_END] scan concluído para tawanzzz_
[2026-04-19 19:21:47] [INFO] [CMD_END] scan concluído para tawanzzz_
[2026-04-19 19:21:56] [INFO] [MSG] tawanzzz_ → #teste-geral | conteúdo: 'Ficou on agr'
[2026-04-19 19:22:49] [INFO] [MSG] tawanzzz_ → #teste-geral | conteúdo: 'Olha vou te mandar aq'
[2026-04-19 19:23:21] [INFO] [MSG] inner_vo1d → #teste-geral | conteúdo: 'assim que ta "organizado"'
[2026-04-19 19:23:51] [INFO] [MSG] inner_vo1d → #teste-geral | conteúdo: 'Só não liga pro db nem pro verbose'
[2026-04-19 19:24:09] [INFO] [MSG] tawanzzz_ → #teste-geral | conteúdo: ''
[2026-04-19 19:24:15] [INFO] [MSG] tawanzzz_ → #teste-geral | conteúdo: 'Ve se isso aq funciona'
[2026-04-19 19:25:25] [INFO] Banco de dados conectado.
[2026-04-19 19:25:25] [INFO] Módulo carregado: cogs.admin.embed_builder
[2026-04-19 19:25:25] [INFO] Módulo carregado: cogs.admin.admin
[2026-04-19 19:25:25] [INFO] Módulo carregado: cogs.utility.geral
[2026-04-19 19:25:25] [INFO] Módulo carregado: cogs.utility.info
[2026-04-19 19:25:25] [INFO] Módulo carregado: cogs.system.logs
[2026-04-19 19:25:25] [INFO] Módulo carregado: cogs.system.events
[2026-04-19 19:25:28] [INFO] --- SISTEMA REMNANT INICIALIZADO ---
[2026-04-19 19:25:28] [INFO] Usuário: Remnant#5677
[2026-04-19 19:25:28] [INFO] Status: Monitoramento ativo
[2026-04-19 19:25:43] [INFO] Banco de dados conectado.
[2026-04-19 19:25:43] [INFO] Módulo carregado: cogs.admin.embed_builder
[2026-04-19 19:25:43] [INFO] Módulo carregado: cogs.admin.admin
[2026-04-19 19:25:43] [INFO] Módulo carregado: cogs.utility.geral
[2026-04-19 19:25:43] [INFO] Módulo carregado: cogs.utility.info
[2026-04-19 19:25:43] [INFO] Módulo carregado: cogs.system.logs
[2026-04-19 19:25:43] [INFO] Módulo carregado: cogs.system.events
[2026-04-19 19:25:47] [INFO] --- SISTEMA REMNANT INICIALIZADO ---
[2026-04-19 19:25:47] [INFO] Usuário: Remnant#5677
[2026-04-19 19:25:47] [INFO] Status: Monitoramento ativo
[2026-04-19 19:25:48] [INFO] Banco de dados encerrado.
[2026-04-19 19:25:48] [INFO] Remnant encerrado.
[2026-04-19 19:27:12] [INFO] Banco de dados conectado.
[2026-04-19 19:27:12] [INFO] Módulo carregado: cogs.admin.embed_builder
[2026-04-19 19:27:12] [INFO] Módulo carregado: cogs.admin.admin
[2026-04-19 19:27:12] [INFO] Módulo carregado: cogs.utility.geral
[2026-04-19 19:27:12] [INFO] Módulo carregado: cogs.utility.info
[2026-04-19 19:27:12] [INFO] Módulo carregado: cogs.system.logs
[2026-04-19 19:27:12] [INFO] Módulo carregado: cogs.system.events
[2026-04-19 19:27:15] [INFO] --- SISTEMA REMNANT INICIALIZADO ---
[2026-04-19 19:27:15] [INFO] Usuário: Remnant#5677
[2026-04-19 19:27:15] [INFO] Status: Monitoramento ativo
[2026-04-19 20:20:26] [INFO] Banco de dados encerrado.
[2026-04-19 20:20:26] [INFO] Remnant encerrado.
[2026-04-19 23:01:38] [INFO] Banco de dados conectado.
[2026-04-19 23:01:38] [INFO] Módulo carregado: cogs.admin.embed_builder
[2026-04-19 23:01:38] [INFO] Módulo carregado: cogs.admin.admin
[2026-04-19 23:01:38] [INFO] Módulo carregado: cogs.utility.geral
[2026-04-19 23:01:38] [INFO] Módulo carregado: cogs.utility.info
[2026-04-19 23:01:38] [INFO] Módulo carregado: cogs.system.logs
[2026-04-19 23:01:38] [INFO] Módulo carregado: cogs.system.events
[2026-04-19 23:01:41] [INFO] --- SISTEMA REMNANT INICIALIZADO ---
[2026-04-19 23:01:41] [INFO] Usuário: Remnant#5677
[2026-04-19 23:01:41] [INFO] Status: Monitoramento ativo
[2026-04-19 23:07:26] [INFO] Reloadall por inner_vo1d | ✅ 6 | ❌ 0
[2026-04-20 13:23:18] [INFO] Banco de dados encerrado.
[2026-04-20 13:23:18] [INFO] Remnant encerrado.
